09-12-2024 22:16:37.20 - INFO - Started validation of input parameters...
09-12-2024 22:16:37.20 - INFO - Completed validation of input parameters
09-12-2024 22:16:37.20 - INFO - Started handling of duplicates... Method: "AUTO"
09-12-2024 22:16:37.20 - DEBUG - 0 missing values found
09-12-2024 22:16:37.20 - INFO - Completed handling of duplicates in 0.004684 seconds
09-12-2024 22:16:37.20 - INFO - Started handling of missing values...
09-12-2024 22:16:37.20 - INFO - Found a total of 8279 missing value(s)
09-12-2024 22:16:37.20 - INFO - Started handling of NUMERICAL missing values... Method: "AUTO"
09-12-2024 22:16:37.29 - DEBUG - LINREG imputation of 3 value(s) succeeded for feature "Coal Output (Annual, Mst) 2019"
09-12-2024 22:16:37.32 - DEBUG - KNN imputation of 694 value(s) succeeded for feature "MSHA IDs"
09-12-2024 22:16:37.35 - DEBUG - KNN imputation of 701 value(s) succeeded for feature "Coal Output (Annual, Mst) 2023"
09-12-2024 22:16:37.38 - DEBUG - KNN imputation of 739 value(s) succeeded for feature "Coal Output (Annual, Mst) 2022"
09-12-2024 22:16:37.40 - DEBUG - KNN imputation of 739 value(s) succeeded for feature "Coal Output (Annual, Mst) 2021"
09-12-2024 22:16:37.43 - DEBUG - KNN imputation of 740 value(s) succeeded for feature "Coal Output (Annual, Mst) 2020"
09-12-2024 22:16:37.46 - DEBUG - KNN imputation of 740 value(s) succeeded for feature "Coal Output (Annual, Mst) 2019"
09-12-2024 22:16:37.46 - INFO - Started handling of CATEGORICAL missing values... Method: "AUTO"
09-12-2024 22:16:37.60 - DEBUG - KNN imputation of 428 value(s) succeeded for feature "Mine Name AKAs"
09-12-2024 22:16:37.62 - DEBUG - KNN imputation of 563 value(s) succeeded for feature "Mine Name (Non-ENG)"
09-12-2024 22:16:37.64 - DEBUG - KNN imputation of 3 value(s) succeeded for feature "Capacity (Mtpa)"
09-12-2024 22:16:37.64 - DEBUG - KNN imputation of 227 value(s) succeeded for feature "Output Accuracy"
09-12-2024 22:16:37.65 - DEBUG - KNN imputation of 155 value(s) succeeded for feature "Output Accuracy.1"
09-12-2024 22:16:37.65 - DEBUG - KNN imputation of 145 value(s) succeeded for feature "Output Accuracy.2"
09-12-2024 22:16:37.67 - DEBUG - KNN imputation of 158 value(s) succeeded for feature "Output Accuracy.3"
09-12-2024 22:16:37.69 - DEBUG - KNN imputation of 196 value(s) succeeded for feature "Output Accuracy.4"
09-12-2024 22:16:37.72 - DEBUG - KNN imputation of 743 value(s) succeeded for feature "Coal Output (Annual, Mst) 2018"
09-12-2024 22:16:37.72 - DEBUG - KNN imputation of 249 value(s) succeeded for feature "Output Accuracy.5"
09-12-2024 22:16:37.75 - DEBUG - KNN imputation of 743 value(s) succeeded for feature "Coal Output (Annual, Mst) 2017"
09-12-2024 22:16:37.76 - DEBUG - KNN imputation of 313 value(s) succeeded for feature "Output Accuracy.6"
09-12-2024 22:16:37.76 - INFO - Completed handling of missing values in 0.566091 seconds
09-12-2024 22:16:37.76 - INFO - Started handling of outliers... Method: "WINZ"
09-12-2024 22:16:37.81 - DEBUG - Outlier imputation of 76 value(s) succeeded for feature "MSHA IDs"
09-12-2024 22:16:37.91 - DEBUG - Outlier imputation of 69 value(s) succeeded for feature "Coal Output (Annual, Mst) 2023"
09-12-2024 22:16:37.92 - DEBUG - Outlier imputation of 31 value(s) succeeded for feature "Coal Output (Annual, Mst) 2022"
09-12-2024 22:16:37.92 - DEBUG - Outlier imputation of 31 value(s) succeeded for feature "Coal Output (Annual, Mst) 2021"
09-12-2024 22:16:37.95 - DEBUG - Outlier imputation of 30 value(s) succeeded for feature "Coal Output (Annual, Mst) 2020"
09-12-2024 22:16:37.97 - DEBUG - Outlier imputation of 30 value(s) succeeded for feature "Coal Output (Annual, Mst) 2019"
09-12-2024 22:16:37.97 - INFO - Completed handling of outliers in 0.199327 seconds
09-12-2024 22:16:37.97 - INFO - Started conversion of DATETIME features... Granularity: s
09-12-2024 22:16:37.97 - INFO - Completed conversion of DATETIME features in 0.0109 seconds
09-12-2024 22:16:37.97 - INFO - Started encoding categorical features... Method: "AUTO"
09-12-2024 22:16:37.97 - DEBUG - Encoding skipped for feature "Coal Output (Annual, Mt) 2018"
09-12-2024 22:16:37.99 - DEBUG - Encoding skipped for feature "Coal Output (Annual, Mt) 2020"
09-12-2024 22:16:37.99 - DEBUG - Encoding skipped for feature "GEM Mine ID"
09-12-2024 22:16:37.99 - DEBUG - Encoding to ONEHOT succeeded for feature "Output Accuracy.5"
09-12-2024 22:16:37.99 - DEBUG - Encoding skipped for feature "Coal Output (Annual, Mt) 2021"
09-12-2024 22:16:37.99 - DEBUG - Encoding to ONEHOT succeeded for feature "Output Accuracy.4"
09-12-2024 22:16:37.99 - DEBUG - Encoding skipped for feature "Opening Year"
09-12-2024 22:16:37.99 - DEBUG - Encoding skipped for feature "Coal Output (Annual, Mt) 2023"
09-12-2024 22:16:37.99 - DEBUG - Encoding skipped for feature "Mine Name AKAs"
09-12-2024 22:16:37.99 - DEBUG - Encoding to ONEHOT succeeded for feature "Output Accuracy.2"
09-12-2024 22:16:37.99 - DEBUG - Encoding skipped for feature "Mine Name"
09-12-2024 22:16:37.99 - DEBUG - Encoding skipped for feature "Country"
09-12-2024 22:16:37.99 - DEBUG - Encoding to ONEHOT succeeded for feature "Status"
09-12-2024 22:16:38.00 - DEBUG - Encoding to ONEHOT succeeded for feature "ROM or Saleable"
09-12-2024 22:16:38.00 - DEBUG - Encoding skipped for feature "Coal Output (Annual, Mt) 2017"
09-12-2024 22:16:38.00 - DEBUG - Encoding skipped for feature "Coal Output (Annual, Mst) 2018"
09-12-2024 22:16:38.00 - DEBUG - Encoding skipped for feature "Mine Name (Non-ENG)"
09-12-2024 22:16:38.00 - DEBUG - Encoding skipped for feature "Coal Output (Annual, Mt) 2022"
09-12-2024 22:16:38.00 - DEBUG - Encoding to ONEHOT succeeded for feature "Output Accuracy.3"
09-12-2024 22:16:38.00 - DEBUG - Encoding skipped for feature "GEM Wiki Page (ENG)"
09-12-2024 22:16:38.00 - DEBUG - Encoding to ONEHOT succeeded for feature "Output Accuracy"
09-12-2024 22:16:38.00 - DEBUG - Encoding skipped for feature "Coal Output (Annual, Mt) 2019"
09-12-2024 22:16:38.02 - DEBUG - Encoding to ONEHOT succeeded for feature "Output Accuracy.6"
09-12-2024 22:16:38.02 - DEBUG - Encoding skipped for feature "Capacity (Mtpa)"
09-12-2024 22:16:38.02 - DEBUG - Encoding to ONEHOT succeeded for feature "Output Accuracy.1"
09-12-2024 22:16:38.02 - DEBUG - Encoding skipped for feature "Coal Output (Annual, Mst) 2017"
09-12-2024 22:16:38.02 - INFO - Completed encoding of categorical features in 0.039881 seconds
09-12-2024 22:16:38.02 - INFO - Started feature type conversion...
09-12-2024 22:16:38.02 - DEBUG - Conversion to type INT succeeded for feature "MSHA IDs"
09-12-2024 22:16:38.02 - DEBUG - Conversion to type FLOAT succeeded for feature "Coal Output (Annual, Mst) 2023"
09-12-2024 22:16:38.02 - DEBUG - Conversion to type FLOAT succeeded for feature "Coal Output (Annual, Mst) 2022"
09-12-2024 22:16:38.02 - DEBUG - Conversion to type FLOAT succeeded for feature "Coal Output (Annual, Mst) 2021"
09-12-2024 22:16:38.03 - DEBUG - Conversion to type FLOAT succeeded for feature "Coal Output (Annual, Mst) 2020"
09-12-2024 22:16:38.03 - DEBUG - Conversion to type FLOAT succeeded for feature "Coal Output (Annual, Mst) 2019"
09-12-2024 22:16:38.03 - INFO - Completed feature type conversion for 6 feature(s) in 0.011127 seconds
09-12-2024 22:16:38.03 - INFO - AutoClean process completed in 0.838333 seconds
